                                 Started job on |	Sep 17 20:54:09
                             Started mapping on |	Sep 17 20:55:54
                                    Finished on |	Sep 17 21:01:13
       Mapping speed, Million of reads per hour |	180.05

                          Number of input reads |	15954548
                      Average input read length |	102
                                    UNIQUE READS:
                   Uniquely mapped reads number |	14043413
                        Uniquely mapped reads % |	88.02%
                          Average mapped length |	101.69
                       Number of splices: Total |	2877092
            Number of splices: Annotated (sjdb) |	2842949
                       Number of splices: GT/AG |	2847202
                       Number of splices: GC/AG |	21123
                       Number of splices: AT/AC |	3278
               Number of splices: Non-canonical |	5489
                      Mismatch rate per base, % |	0.16%
                         Deletion rate per base |	0.01%
                        Deletion average length |	1.41
                        Insertion rate per base |	0.01%
                       Insertion average length |	1.24
                             MULTI-MAPPING READS:
        Number of reads mapped to multiple loci |	1722308
             % of reads mapped to multiple loci |	10.80%
        Number of reads mapped to too many loci |	26999
             % of reads mapped to too many loci |	0.17%
                                  UNMAPPED READS:
  Number of reads unmapped: too many mismatches |	0
       % of reads unmapped: too many mismatches |	0.00%
            Number of reads unmapped: too short |	150958
                 % of reads unmapped: too short |	0.95%
                Number of reads unmapped: other |	10870
                     % of reads unmapped: other |	0.07%
                                  CHIMERIC READS:
                       Number of chimeric reads |	0
                            % of chimeric reads |	0.00%
