                                 Started job on |	Sep 17 20:47:52
                             Started mapping on |	Sep 17 20:55:21
                                    Finished on |	Sep 17 21:00:11
       Mapping speed, Million of reads per hour |	145.69

                          Number of input reads |	11736055
                      Average input read length |	102
                                    UNIQUE READS:
                   Uniquely mapped reads number |	10291435
                        Uniquely mapped reads % |	87.69%
                          Average mapped length |	101.70
                       Number of splices: Total |	2250992
            Number of splices: Annotated (sjdb) |	2226028
                       Number of splices: GT/AG |	2227307
                       Number of splices: GC/AG |	17372
                       Number of splices: AT/AC |	2435
               Number of splices: Non-canonical |	3878
                      Mismatch rate per base, % |	0.17%
                         Deletion rate per base |	0.01%
                        Deletion average length |	1.40
                        Insertion rate per base |	0.00%
                       Insertion average length |	1.23
                             MULTI-MAPPING READS:
        Number of reads mapped to multiple loci |	1293856
             % of reads mapped to multiple loci |	11.02%
        Number of reads mapped to too many loci |	19895
             % of reads mapped to too many loci |	0.17%
                                  UNMAPPED READS:
  Number of reads unmapped: too many mismatches |	0
       % of reads unmapped: too many mismatches |	0.00%
            Number of reads unmapped: too short |	124605
                 % of reads unmapped: too short |	1.06%
                Number of reads unmapped: other |	6264
                     % of reads unmapped: other |	0.05%
                                  CHIMERIC READS:
                       Number of chimeric reads |	0
                            % of chimeric reads |	0.00%
