                                 Started job on |	Sep 17 20:53:33
                             Started mapping on |	Sep 17 20:55:05
                                    Finished on |	Sep 17 20:59:56
       Mapping speed, Million of reads per hour |	133.25

                          Number of input reads |	10771366
                      Average input read length |	102
                                    UNIQUE READS:
                   Uniquely mapped reads number |	9314967
                        Uniquely mapped reads % |	86.48%
                          Average mapped length |	101.69
                       Number of splices: Total |	2159777
            Number of splices: Annotated (sjdb) |	2135420
                       Number of splices: GT/AG |	2137212
                       Number of splices: GC/AG |	16559
                       Number of splices: AT/AC |	2461
               Number of splices: Non-canonical |	3545
                      Mismatch rate per base, % |	0.17%
                         Deletion rate per base |	0.01%
                        Deletion average length |	1.45
                        Insertion rate per base |	0.00%
                       Insertion average length |	1.23
                             MULTI-MAPPING READS:
        Number of reads mapped to multiple loci |	1304597
             % of reads mapped to multiple loci |	12.11%
        Number of reads mapped to too many loci |	24106
             % of reads mapped to too many loci |	0.22%
                                  UNMAPPED READS:
  Number of reads unmapped: too many mismatches |	0
       % of reads unmapped: too many mismatches |	0.00%
            Number of reads unmapped: too short |	120213
                 % of reads unmapped: too short |	1.12%
                Number of reads unmapped: other |	7483
                     % of reads unmapped: other |	0.07%
                                  CHIMERIC READS:
                       Number of chimeric reads |	0
                            % of chimeric reads |	0.00%
