                                 Started job on |	Sep 17 20:47:52
                             Started mapping on |	Sep 17 20:55:19
                                    Finished on |	Sep 17 20:59:09
       Mapping speed, Million of reads per hour |	136.50

                          Number of input reads |	8720882
                      Average input read length |	102
                                    UNIQUE READS:
                   Uniquely mapped reads number |	7544202
                        Uniquely mapped reads % |	86.51%
                          Average mapped length |	101.66
                       Number of splices: Total |	1475715
            Number of splices: Annotated (sjdb) |	1455543
                       Number of splices: GT/AG |	1459633
                       Number of splices: GC/AG |	11025
                       Number of splices: AT/AC |	1478
               Number of splices: Non-canonical |	3579
                      Mismatch rate per base, % |	0.19%
                         Deletion rate per base |	0.01%
                        Deletion average length |	1.42
                        Insertion rate per base |	0.01%
                       Insertion average length |	1.25
                             MULTI-MAPPING READS:
        Number of reads mapped to multiple loci |	1028103
             % of reads mapped to multiple loci |	11.79%
        Number of reads mapped to too many loci |	20321
             % of reads mapped to too many loci |	0.23%
                                  UNMAPPED READS:
  Number of reads unmapped: too many mismatches |	0
       % of reads unmapped: too many mismatches |	0.00%
            Number of reads unmapped: too short |	121704
                 % of reads unmapped: too short |	1.40%
                Number of reads unmapped: other |	6552
                     % of reads unmapped: other |	0.08%
                                  CHIMERIC READS:
                       Number of chimeric reads |	0
                            % of chimeric reads |	0.00%
