                                 Started job on |	Sep 17 21:01:02
                             Started mapping on |	Sep 17 21:02:34
                                    Finished on |	Sep 17 21:06:03
       Mapping speed, Million of reads per hour |	100.47

                          Number of input reads |	5832946
                      Average input read length |	102
                                    UNIQUE READS:
                   Uniquely mapped reads number |	5002207
                        Uniquely mapped reads % |	85.76%
                          Average mapped length |	101.65
                       Number of splices: Total |	1191331
            Number of splices: Annotated (sjdb) |	1175809
                       Number of splices: GT/AG |	1178734
                       Number of splices: GC/AG |	9085
                       Number of splices: AT/AC |	1306
               Number of splices: Non-canonical |	2206
                      Mismatch rate per base, % |	0.22%
                         Deletion rate per base |	0.01%
                        Deletion average length |	1.44
                        Insertion rate per base |	0.01%
                       Insertion average length |	1.26
                             MULTI-MAPPING READS:
        Number of reads mapped to multiple loci |	703236
             % of reads mapped to multiple loci |	12.06%
        Number of reads mapped to too many loci |	14381
             % of reads mapped to too many loci |	0.25%
                                  UNMAPPED READS:
  Number of reads unmapped: too many mismatches |	0
       % of reads unmapped: too many mismatches |	0.00%
            Number of reads unmapped: too short |	108980
                 % of reads unmapped: too short |	1.87%
                Number of reads unmapped: other |	4142
                     % of reads unmapped: other |	0.07%
                                  CHIMERIC READS:
                       Number of chimeric reads |	0
                            % of chimeric reads |	0.00%
