                                 Started job on |	Sep 17 20:47:55
                             Started mapping on |	Sep 17 20:49:24
                                    Finished on |	Sep 17 20:52:47
       Mapping speed, Million of reads per hour |	141.70

                          Number of input reads |	7990305
                      Average input read length |	102
                                    UNIQUE READS:
                   Uniquely mapped reads number |	6996494
                        Uniquely mapped reads % |	87.56%
                          Average mapped length |	101.68
                       Number of splices: Total |	1669613
            Number of splices: Annotated (sjdb) |	1648414
                       Number of splices: GT/AG |	1652343
                       Number of splices: GC/AG |	12891
                       Number of splices: AT/AC |	1881
               Number of splices: Non-canonical |	2498
                      Mismatch rate per base, % |	0.18%
                         Deletion rate per base |	0.01%
                        Deletion average length |	1.44
                        Insertion rate per base |	0.00%
                       Insertion average length |	1.23
                             MULTI-MAPPING READS:
        Number of reads mapped to multiple loci |	873263
             % of reads mapped to multiple loci |	10.93%
        Number of reads mapped to too many loci |	16997
             % of reads mapped to too many loci |	0.21%
                                  UNMAPPED READS:
  Number of reads unmapped: too many mismatches |	0
       % of reads unmapped: too many mismatches |	0.00%
            Number of reads unmapped: too short |	98454
                 % of reads unmapped: too short |	1.23%
                Number of reads unmapped: other |	5097
                     % of reads unmapped: other |	0.06%
                                  CHIMERIC READS:
                       Number of chimeric reads |	0
                            % of chimeric reads |	0.00%
