                                 Started job on |	Sep 17 21:00:04
                             Started mapping on |	Sep 17 21:01:39
                                    Finished on |	Sep 17 21:03:54
       Mapping speed, Million of reads per hour |	115.73

                          Number of input reads |	4339908
                      Average input read length |	102
                                    UNIQUE READS:
                   Uniquely mapped reads number |	3569320
                        Uniquely mapped reads % |	82.24%
                          Average mapped length |	101.64
                       Number of splices: Total |	929526
            Number of splices: Annotated (sjdb) |	918587
                       Number of splices: GT/AG |	919707
                       Number of splices: GC/AG |	7455
                       Number of splices: AT/AC |	1067
               Number of splices: Non-canonical |	1297
                      Mismatch rate per base, % |	0.23%
                         Deletion rate per base |	0.01%
                        Deletion average length |	1.48
                        Insertion rate per base |	0.00%
                       Insertion average length |	1.24
                             MULTI-MAPPING READS:
        Number of reads mapped to multiple loci |	671906
             % of reads mapped to multiple loci |	15.48%
        Number of reads mapped to too many loci |	12922
             % of reads mapped to too many loci |	0.30%
                                  UNMAPPED READS:
  Number of reads unmapped: too many mismatches |	0
       % of reads unmapped: too many mismatches |	0.00%
            Number of reads unmapped: too short |	83239
                 % of reads unmapped: too short |	1.92%
                Number of reads unmapped: other |	2521
                     % of reads unmapped: other |	0.06%
                                  CHIMERIC READS:
                       Number of chimeric reads |	0
                            % of chimeric reads |	0.00%
