                                 Started job on |	Sep 17 21:01:23
                             Started mapping on |	Sep 17 21:04:29
                                    Finished on |	Sep 17 21:09:24
       Mapping speed, Million of reads per hour |	148.66

                          Number of input reads |	12181668
                      Average input read length |	102
                                    UNIQUE READS:
                   Uniquely mapped reads number |	10676465
                        Uniquely mapped reads % |	87.64%
                          Average mapped length |	101.69
                       Number of splices: Total |	2414506
            Number of splices: Annotated (sjdb) |	2385343
                       Number of splices: GT/AG |	2389272
                       Number of splices: GC/AG |	18800
                       Number of splices: AT/AC |	2650
               Number of splices: Non-canonical |	3784
                      Mismatch rate per base, % |	0.20%
                         Deletion rate per base |	0.01%
                        Deletion average length |	1.44
                        Insertion rate per base |	0.01%
                       Insertion average length |	1.27
                             MULTI-MAPPING READS:
        Number of reads mapped to multiple loci |	1341357
             % of reads mapped to multiple loci |	11.01%
        Number of reads mapped to too many loci |	20345
             % of reads mapped to too many loci |	0.17%
                                  UNMAPPED READS:
  Number of reads unmapped: too many mismatches |	0
       % of reads unmapped: too many mismatches |	0.00%
            Number of reads unmapped: too short |	136020
                 % of reads unmapped: too short |	1.12%
                Number of reads unmapped: other |	7481
                     % of reads unmapped: other |	0.06%
                                  CHIMERIC READS:
                       Number of chimeric reads |	0
                            % of chimeric reads |	0.00%
