                                 Started job on |	Sep 17 21:06:53
                             Started mapping on |	Sep 17 21:08:22
                                    Finished on |	Sep 17 21:14:37
       Mapping speed, Million of reads per hour |	180.87

                          Number of input reads |	18840814
                      Average input read length |	102
                                    UNIQUE READS:
                   Uniquely mapped reads number |	16550373
                        Uniquely mapped reads % |	87.84%
                          Average mapped length |	101.70
                       Number of splices: Total |	4005418
            Number of splices: Annotated (sjdb) |	3957465
                       Number of splices: GT/AG |	3963493
                       Number of splices: GC/AG |	31706
                       Number of splices: AT/AC |	4310
               Number of splices: Non-canonical |	5909
                      Mismatch rate per base, % |	0.18%
                         Deletion rate per base |	0.01%
                        Deletion average length |	1.47
                        Insertion rate per base |	0.01%
                       Insertion average length |	1.27
                             MULTI-MAPPING READS:
        Number of reads mapped to multiple loci |	2065099
             % of reads mapped to multiple loci |	10.96%
        Number of reads mapped to too many loci |	33411
             % of reads mapped to too many loci |	0.18%
                                  UNMAPPED READS:
  Number of reads unmapped: too many mismatches |	0
       % of reads unmapped: too many mismatches |	0.00%
            Number of reads unmapped: too short |	181361
                 % of reads unmapped: too short |	0.96%
                Number of reads unmapped: other |	10570
                     % of reads unmapped: other |	0.06%
                                  CHIMERIC READS:
                       Number of chimeric reads |	0
                            % of chimeric reads |	0.00%
