                                 Started job on |	Sep 17 21:02:34
                             Started mapping on |	Sep 17 21:04:26
                                    Finished on |	Sep 17 21:09:50
       Mapping speed, Million of reads per hour |	133.81

                          Number of input reads |	12043344
                      Average input read length |	102
                                    UNIQUE READS:
                   Uniquely mapped reads number |	10255974
                        Uniquely mapped reads % |	85.16%
                          Average mapped length |	101.67
                       Number of splices: Total |	2268419
            Number of splices: Annotated (sjdb) |	2243031
                       Number of splices: GT/AG |	2244496
                       Number of splices: GC/AG |	17471
                       Number of splices: AT/AC |	2468
               Number of splices: Non-canonical |	3984
                      Mismatch rate per base, % |	0.22%
                         Deletion rate per base |	0.01%
                        Deletion average length |	1.44
                        Insertion rate per base |	0.01%
                       Insertion average length |	1.28
                             MULTI-MAPPING READS:
        Number of reads mapped to multiple loci |	1600629
             % of reads mapped to multiple loci |	13.29%
        Number of reads mapped to too many loci |	27147
             % of reads mapped to too many loci |	0.23%
                                  UNMAPPED READS:
  Number of reads unmapped: too many mismatches |	0
       % of reads unmapped: too many mismatches |	0.00%
            Number of reads unmapped: too short |	152162
                 % of reads unmapped: too short |	1.26%
                Number of reads unmapped: other |	7432
                     % of reads unmapped: other |	0.06%
                                  CHIMERIC READS:
                       Number of chimeric reads |	0
                            % of chimeric reads |	0.00%
