                                 Started job on |	Sep 17 21:11:20
                             Started mapping on |	Sep 17 21:14:58
                                    Finished on |	Sep 17 21:16:20
       Mapping speed, Million of reads per hour |	50.22

                          Number of input reads |	1143862
                      Average input read length |	102
                                    UNIQUE READS:
                   Uniquely mapped reads number |	837445
                        Uniquely mapped reads % |	73.21%
                          Average mapped length |	101.37
                       Number of splices: Total |	259187
            Number of splices: Annotated (sjdb) |	257048
                       Number of splices: GT/AG |	256638
                       Number of splices: GC/AG |	1853
                       Number of splices: AT/AC |	352
               Number of splices: Non-canonical |	344
                      Mismatch rate per base, % |	0.52%
                         Deletion rate per base |	0.01%
                        Deletion average length |	1.46
                        Insertion rate per base |	0.01%
                       Insertion average length |	1.30
                             MULTI-MAPPING READS:
        Number of reads mapped to multiple loci |	245330
             % of reads mapped to multiple loci |	21.45%
        Number of reads mapped to too many loci |	4915
             % of reads mapped to too many loci |	0.43%
                                  UNMAPPED READS:
  Number of reads unmapped: too many mismatches |	0
       % of reads unmapped: too many mismatches |	0.00%
            Number of reads unmapped: too short |	55352
                 % of reads unmapped: too short |	4.84%
                Number of reads unmapped: other |	820
                     % of reads unmapped: other |	0.07%
                                  CHIMERIC READS:
                       Number of chimeric reads |	0
                            % of chimeric reads |	0.00%
