                                 Started job on |	Sep 17 21:08:54
                             Started mapping on |	Sep 17 21:10:32
                                    Finished on |	Sep 17 21:16:41
       Mapping speed, Million of reads per hour |	160.19

                          Number of input reads |	16419312
                      Average input read length |	102
                                    UNIQUE READS:
                   Uniquely mapped reads number |	14376556
                        Uniquely mapped reads % |	87.56%
                          Average mapped length |	101.69
                       Number of splices: Total |	3131428
            Number of splices: Annotated (sjdb) |	3094661
                       Number of splices: GT/AG |	3097945
                       Number of splices: GC/AG |	24296
                       Number of splices: AT/AC |	3634
               Number of splices: Non-canonical |	5553
                      Mismatch rate per base, % |	0.20%
                         Deletion rate per base |	0.01%
                        Deletion average length |	1.45
                        Insertion rate per base |	0.01%
                       Insertion average length |	1.27
                             MULTI-MAPPING READS:
        Number of reads mapped to multiple loci |	1829723
             % of reads mapped to multiple loci |	11.14%
        Number of reads mapped to too many loci |	29717
             % of reads mapped to too many loci |	0.18%
                                  UNMAPPED READS:
  Number of reads unmapped: too many mismatches |	0
       % of reads unmapped: too many mismatches |	0.00%
            Number of reads unmapped: too short |	172427
                 % of reads unmapped: too short |	1.05%
                Number of reads unmapped: other |	10889
                     % of reads unmapped: other |	0.07%
                                  CHIMERIC READS:
                       Number of chimeric reads |	0
                            % of chimeric reads |	0.00%
