                                 Started job on |	Sep 17 21:04:21
                             Started mapping on |	Sep 17 21:06:02
                                    Finished on |	Sep 17 21:08:18
       Mapping speed, Million of reads per hour |	106.72

                          Number of input reads |	4031735
                      Average input read length |	102
                                    UNIQUE READS:
                   Uniquely mapped reads number |	3342881
                        Uniquely mapped reads % |	82.91%
                          Average mapped length |	101.64
                       Number of splices: Total |	846653
            Number of splices: Annotated (sjdb) |	837020
                       Number of splices: GT/AG |	837823
                       Number of splices: GC/AG |	6710
                       Number of splices: AT/AC |	928
               Number of splices: Non-canonical |	1192
                      Mismatch rate per base, % |	0.24%
                         Deletion rate per base |	0.01%
                        Deletion average length |	1.45
                        Insertion rate per base |	0.01%
                       Insertion average length |	1.26
                             MULTI-MAPPING READS:
        Number of reads mapped to multiple loci |	606542
             % of reads mapped to multiple loci |	15.04%
        Number of reads mapped to too many loci |	10231
             % of reads mapped to too many loci |	0.25%
                                  UNMAPPED READS:
  Number of reads unmapped: too many mismatches |	0
       % of reads unmapped: too many mismatches |	0.00%
            Number of reads unmapped: too short |	70174
                 % of reads unmapped: too short |	1.74%
                Number of reads unmapped: other |	1907
                     % of reads unmapped: other |	0.05%
                                  CHIMERIC READS:
                       Number of chimeric reads |	0
                            % of chimeric reads |	0.00%
