                                 Started job on |	Sep 17 21:34:38
                             Started mapping on |	Sep 17 21:43:03
                                    Finished on |	Sep 18 18:41:07
       Mapping speed, Million of reads per hour |	4.93

                          Number of input reads |	103362234
                      Average input read length |	102
                                    UNIQUE READS:
                   Uniquely mapped reads number |	91995489
                        Uniquely mapped reads % |	89.00%
                          Average mapped length |	101.71
                       Number of splices: Total |	22437057
            Number of splices: Annotated (sjdb) |	22202746
                       Number of splices: GT/AG |	22206822
                       Number of splices: GC/AG |	174802
                       Number of splices: AT/AC |	23578
               Number of splices: Non-canonical |	31855
                      Mismatch rate per base, % |	0.15%
                         Deletion rate per base |	0.01%
                        Deletion average length |	1.45
                        Insertion rate per base |	0.01%
                       Insertion average length |	1.26
                             MULTI-MAPPING READS:
        Number of reads mapped to multiple loci |	10347819
             % of reads mapped to multiple loci |	10.01%
        Number of reads mapped to too many loci |	190322
             % of reads mapped to too many loci |	0.18%
                                  UNMAPPED READS:
  Number of reads unmapped: too many mismatches |	0
       % of reads unmapped: too many mismatches |	0.00%
            Number of reads unmapped: too short |	765561
                 % of reads unmapped: too short |	0.74%
                Number of reads unmapped: other |	63043
                     % of reads unmapped: other |	0.06%
                                  CHIMERIC READS:
                       Number of chimeric reads |	0
                            % of chimeric reads |	0.00%
