                                 Started job on |	Sep 17 21:12:04
                             Started mapping on |	Sep 17 21:13:56
                                    Finished on |	Sep 17 21:41:31
       Mapping speed, Million of reads per hour |	170.72

                          Number of input reads |	78485806
                      Average input read length |	102
                                    UNIQUE READS:
                   Uniquely mapped reads number |	69877521
                        Uniquely mapped reads % |	89.03%
                          Average mapped length |	101.71
                       Number of splices: Total |	16716071
            Number of splices: Annotated (sjdb) |	16521097
                       Number of splices: GT/AG |	16542990
                       Number of splices: GC/AG |	131419
                       Number of splices: AT/AC |	17873
               Number of splices: Non-canonical |	23789
                      Mismatch rate per base, % |	0.15%
                         Deletion rate per base |	0.01%
                        Deletion average length |	1.45
                        Insertion rate per base |	0.01%
                       Insertion average length |	1.27
                             MULTI-MAPPING READS:
        Number of reads mapped to multiple loci |	7790074
             % of reads mapped to multiple loci |	9.93%
        Number of reads mapped to too many loci |	132757
             % of reads mapped to too many loci |	0.17%
                                  UNMAPPED READS:
  Number of reads unmapped: too many mismatches |	0
       % of reads unmapped: too many mismatches |	0.00%
            Number of reads unmapped: too short |	639807
                 % of reads unmapped: too short |	0.82%
                Number of reads unmapped: other |	45647
                     % of reads unmapped: other |	0.06%
                                  CHIMERIC READS:
                       Number of chimeric reads |	0
                            % of chimeric reads |	0.00%
