                                 Started job on |	Sep 17 21:18:40
                             Started mapping on |	Sep 17 21:21:55
                                    Finished on |	Sep 18 18:35:34
       Mapping speed, Million of reads per hour |	4.26

                          Number of input reads |	90402133
                      Average input read length |	102
                                    UNIQUE READS:
                   Uniquely mapped reads number |	80385994
                        Uniquely mapped reads % |	88.92%
                          Average mapped length |	101.72
                       Number of splices: Total |	19317123
            Number of splices: Annotated (sjdb) |	19121541
                       Number of splices: GT/AG |	19119105
                       Number of splices: GC/AG |	150209
                       Number of splices: AT/AC |	20975
               Number of splices: Non-canonical |	26834
                      Mismatch rate per base, % |	0.15%
                         Deletion rate per base |	0.01%
                        Deletion average length |	1.46
                        Insertion rate per base |	0.00%
                       Insertion average length |	1.25
                             MULTI-MAPPING READS:
        Number of reads mapped to multiple loci |	9167932
             % of reads mapped to multiple loci |	10.14%
        Number of reads mapped to too many loci |	153681
             % of reads mapped to too many loci |	0.17%
                                  UNMAPPED READS:
  Number of reads unmapped: too many mismatches |	0
       % of reads unmapped: too many mismatches |	0.00%
            Number of reads unmapped: too short |	640990
                 % of reads unmapped: too short |	0.71%
                Number of reads unmapped: other |	53536
                     % of reads unmapped: other |	0.06%
                                  CHIMERIC READS:
                       Number of chimeric reads |	0
                            % of chimeric reads |	0.00%
