                                 Started job on |	Sep 17 21:13:53
                             Started mapping on |	Sep 17 21:16:05
                                    Finished on |	Sep 17 21:46:25
       Mapping speed, Million of reads per hour |	157.76

                          Number of input reads |	79756338
                      Average input read length |	102
                                    UNIQUE READS:
                   Uniquely mapped reads number |	70824049
                        Uniquely mapped reads % |	88.80%
                          Average mapped length |	101.72
                       Number of splices: Total |	19145229
            Number of splices: Annotated (sjdb) |	18965146
                       Number of splices: GT/AG |	18955266
                       Number of splices: GC/AG |	145792
                       Number of splices: AT/AC |	20555
               Number of splices: Non-canonical |	23616
                      Mismatch rate per base, % |	0.14%
                         Deletion rate per base |	0.01%
                        Deletion average length |	1.43
                        Insertion rate per base |	0.00%
                       Insertion average length |	1.25
                             MULTI-MAPPING READS:
        Number of reads mapped to multiple loci |	8241783
             % of reads mapped to multiple loci |	10.33%
        Number of reads mapped to too many loci |	96456
             % of reads mapped to too many loci |	0.12%
                                  UNMAPPED READS:
  Number of reads unmapped: too many mismatches |	0
       % of reads unmapped: too many mismatches |	0.00%
            Number of reads unmapped: too short |	565108
                 % of reads unmapped: too short |	0.71%
                Number of reads unmapped: other |	28942
                     % of reads unmapped: other |	0.04%
                                  CHIMERIC READS:
                       Number of chimeric reads |	0
                            % of chimeric reads |	0.00%
