                                 Started job on |	Sep 17 21:16:43
                             Started mapping on |	Sep 17 21:21:44
                                    Finished on |	Sep 17 21:47:45
       Mapping speed, Million of reads per hour |	133.86

                          Number of input reads |	58043324
                      Average input read length |	102
                                    UNIQUE READS:
                   Uniquely mapped reads number |	51715839
                        Uniquely mapped reads % |	89.10%
                          Average mapped length |	101.72
                       Number of splices: Total |	12378268
            Number of splices: Annotated (sjdb) |	12240610
                       Number of splices: GT/AG |	12249962
                       Number of splices: GC/AG |	97548
                       Number of splices: AT/AC |	13145
               Number of splices: Non-canonical |	17613
                      Mismatch rate per base, % |	0.15%
                         Deletion rate per base |	0.01%
                        Deletion average length |	1.47
                        Insertion rate per base |	0.00%
                       Insertion average length |	1.25
                             MULTI-MAPPING READS:
        Number of reads mapped to multiple loci |	5741462
             % of reads mapped to multiple loci |	9.89%
        Number of reads mapped to too many loci |	96728
             % of reads mapped to too many loci |	0.17%
                                  UNMAPPED READS:
  Number of reads unmapped: too many mismatches |	0
       % of reads unmapped: too many mismatches |	0.00%
            Number of reads unmapped: too short |	454501
                 % of reads unmapped: too short |	0.78%
                Number of reads unmapped: other |	34794
                     % of reads unmapped: other |	0.06%
                                  CHIMERIC READS:
                       Number of chimeric reads |	0
                            % of chimeric reads |	0.00%
