                                 Started job on |	Sep 23 10:25:39
                             Started mapping on |	Sep 23 10:40:09
                                    Finished on |	Sep 23 11:39:36
       Mapping speed, Million of reads per hour |	168.35

                          Number of input reads |	166805370
                      Average input read length |	102
                                    UNIQUE READS:
                   Uniquely mapped reads number |	153804634
                        Uniquely mapped reads % |	92.21%
                          Average mapped length |	101.69
                       Number of splices: Total |	47710656
            Number of splices: Annotated (sjdb) |	47427856
                       Number of splices: GT/AG |	47231032
                       Number of splices: GC/AG |	380351
                       Number of splices: AT/AC |	44040
               Number of splices: Non-canonical |	55233
                      Mismatch rate per base, % |	0.20%
                         Deletion rate per base |	0.01%
                        Deletion average length |	1.63
                        Insertion rate per base |	0.01%
                       Insertion average length |	1.41
                             MULTI-MAPPING READS:
        Number of reads mapped to multiple loci |	11304427
             % of reads mapped to multiple loci |	6.78%
        Number of reads mapped to too many loci |	513108
             % of reads mapped to too many loci |	0.31%
                                  UNMAPPED READS:
  Number of reads unmapped: too many mismatches |	0
       % of reads unmapped: too many mismatches |	0.00%
            Number of reads unmapped: too short |	995852
                 % of reads unmapped: too short |	0.60%
                Number of reads unmapped: other |	187349
                     % of reads unmapped: other |	0.11%
                                  CHIMERIC READS:
                       Number of chimeric reads |	0
                            % of chimeric reads |	0.00%
