                                 Started job on |	Sep 23 10:25:40
                             Started mapping on |	Sep 23 10:46:30
                                    Finished on |	Sep 23 11:46:23
       Mapping speed, Million of reads per hour |	121.88

                          Number of input reads |	121639442
                      Average input read length |	102
                                    UNIQUE READS:
                   Uniquely mapped reads number |	111057898
                        Uniquely mapped reads % |	91.30%
                          Average mapped length |	101.68
                       Number of splices: Total |	35737567
            Number of splices: Annotated (sjdb) |	35560249
                       Number of splices: GT/AG |	35377866
                       Number of splices: GC/AG |	286627
                       Number of splices: AT/AC |	31311
               Number of splices: Non-canonical |	41763
                      Mismatch rate per base, % |	0.20%
                         Deletion rate per base |	0.01%
                        Deletion average length |	1.64
                        Insertion rate per base |	0.01%
                       Insertion average length |	1.42
                             MULTI-MAPPING READS:
        Number of reads mapped to multiple loci |	9356982
             % of reads mapped to multiple loci |	7.69%
        Number of reads mapped to too many loci |	435636
             % of reads mapped to too many loci |	0.36%
                                  UNMAPPED READS:
  Number of reads unmapped: too many mismatches |	0
       % of reads unmapped: too many mismatches |	0.00%
            Number of reads unmapped: too short |	676289
                 % of reads unmapped: too short |	0.56%
                Number of reads unmapped: other |	112637
                     % of reads unmapped: other |	0.09%
                                  CHIMERIC READS:
                       Number of chimeric reads |	0
                            % of chimeric reads |	0.00%
