                                 Started job on |	Sep 23 15:26:24
                             Started mapping on |	Sep 23 15:33:19
                                    Finished on |	Sep 23 16:04:23
       Mapping speed, Million of reads per hour |	298.28

                          Number of input reads |	154440745
                      Average input read length |	102
                                    UNIQUE READS:
                   Uniquely mapped reads number |	142882936
                        Uniquely mapped reads % |	92.52%
                          Average mapped length |	101.68
                       Number of splices: Total |	43963071
            Number of splices: Annotated (sjdb) |	43684379
                       Number of splices: GT/AG |	43486090
                       Number of splices: GC/AG |	384187
                       Number of splices: AT/AC |	44327
               Number of splices: Non-canonical |	48467
                      Mismatch rate per base, % |	0.20%
                         Deletion rate per base |	0.01%
                        Deletion average length |	1.62
                        Insertion rate per base |	0.01%
                       Insertion average length |	1.42
                             MULTI-MAPPING READS:
        Number of reads mapped to multiple loci |	9933505
             % of reads mapped to multiple loci |	6.43%
        Number of reads mapped to too many loci |	600955
             % of reads mapped to too many loci |	0.39%
                                  UNMAPPED READS:
  Number of reads unmapped: too many mismatches |	0
       % of reads unmapped: too many mismatches |	0.00%
            Number of reads unmapped: too short |	887273
                 % of reads unmapped: too short |	0.57%
                Number of reads unmapped: other |	136076
                     % of reads unmapped: other |	0.09%
                                  CHIMERIC READS:
                       Number of chimeric reads |	0
                            % of chimeric reads |	0.00%
