                                 Started job on |	Sep 21 15:23:39
                             Started mapping on |	Sep 21 15:30:27
                                    Finished on |	Sep 21 16:00:47
       Mapping speed, Million of reads per hour |	279.26

                          Number of input reads |	141182054
                      Average input read length |	102
                                    UNIQUE READS:
                   Uniquely mapped reads number |	130327233
                        Uniquely mapped reads % |	92.31%
                          Average mapped length |	101.68
                       Number of splices: Total |	40399119
            Number of splices: Annotated (sjdb) |	40154854
                       Number of splices: GT/AG |	39967017
                       Number of splices: GC/AG |	347215
                       Number of splices: AT/AC |	35458
               Number of splices: Non-canonical |	49429
                      Mismatch rate per base, % |	0.20%
                         Deletion rate per base |	0.01%
                        Deletion average length |	1.64
                        Insertion rate per base |	0.01%
                       Insertion average length |	1.42
                             MULTI-MAPPING READS:
        Number of reads mapped to multiple loci |	9275218
             % of reads mapped to multiple loci |	6.57%
        Number of reads mapped to too many loci |	538006
             % of reads mapped to too many loci |	0.38%
                                  UNMAPPED READS:
  Number of reads unmapped: too many mismatches |	0
       % of reads unmapped: too many mismatches |	0.00%
            Number of reads unmapped: too short |	882547
                 % of reads unmapped: too short |	0.63%
                Number of reads unmapped: other |	159050
                     % of reads unmapped: other |	0.11%
                                  CHIMERIC READS:
                       Number of chimeric reads |	0
                            % of chimeric reads |	0.00%
