                                 Started job on |	Sep 20 17:56:20
                             Started mapping on |	Sep 20 18:04:38
                                    Finished on |	Sep 20 18:42:20
       Mapping speed, Million of reads per hour |	232.86

                          Number of input reads |	146315019
                      Average input read length |	102
                                    UNIQUE READS:
                   Uniquely mapped reads number |	135396285
                        Uniquely mapped reads % |	92.54%
                          Average mapped length |	101.69
                       Number of splices: Total |	42676283
            Number of splices: Annotated (sjdb) |	42424903
                       Number of splices: GT/AG |	42238962
                       Number of splices: GC/AG |	348722
                       Number of splices: AT/AC |	39864
               Number of splices: Non-canonical |	48735
                      Mismatch rate per base, % |	0.20%
                         Deletion rate per base |	0.01%
                        Deletion average length |	1.64
                        Insertion rate per base |	0.01%
                       Insertion average length |	1.41
                             MULTI-MAPPING READS:
        Number of reads mapped to multiple loci |	9460694
             % of reads mapped to multiple loci |	6.47%
        Number of reads mapped to too many loci |	462468
             % of reads mapped to too many loci |	0.32%
                                  UNMAPPED READS:
  Number of reads unmapped: too many mismatches |	0
       % of reads unmapped: too many mismatches |	0.00%
            Number of reads unmapped: too short |	841044
                 % of reads unmapped: too short |	0.57%
                Number of reads unmapped: other |	154528
                     % of reads unmapped: other |	0.11%
                                  CHIMERIC READS:
                       Number of chimeric reads |	0
                            % of chimeric reads |	0.00%
