                                 Started job on |	Sep 20 17:56:18
                             Started mapping on |	Sep 20 18:04:27
                                    Finished on |	Sep 20 18:51:00
       Mapping speed, Million of reads per hour |	189.89

                          Number of input reads |	147323900
                      Average input read length |	102
                                    UNIQUE READS:
                   Uniquely mapped reads number |	136180586
                        Uniquely mapped reads % |	92.44%
                          Average mapped length |	101.68
                       Number of splices: Total |	42628235
            Number of splices: Annotated (sjdb) |	42405660
                       Number of splices: GT/AG |	42193324
                       Number of splices: GC/AG |	345903
                       Number of splices: AT/AC |	36856
               Number of splices: Non-canonical |	52152
                      Mismatch rate per base, % |	0.20%
                         Deletion rate per base |	0.01%
                        Deletion average length |	1.64
                        Insertion rate per base |	0.01%
                       Insertion average length |	1.43
                             MULTI-MAPPING READS:
        Number of reads mapped to multiple loci |	9601652
             % of reads mapped to multiple loci |	6.52%
        Number of reads mapped to too many loci |	497335
             % of reads mapped to too many loci |	0.34%
                                  UNMAPPED READS:
  Number of reads unmapped: too many mismatches |	0
       % of reads unmapped: too many mismatches |	0.00%
            Number of reads unmapped: too short |	874717
                 % of reads unmapped: too short |	0.59%
                Number of reads unmapped: other |	169610
                     % of reads unmapped: other |	0.12%
                                  CHIMERIC READS:
                       Number of chimeric reads |	0
                            % of chimeric reads |	0.00%
