                                 Started job on |	Sep 22 17:20:27
                             Started mapping on |	Sep 22 17:31:23
                                    Finished on |	Sep 22 18:01:13
       Mapping speed, Million of reads per hour |	227.86

                          Number of input reads |	113296380
                      Average input read length |	102
                                    UNIQUE READS:
                   Uniquely mapped reads number |	104212697
                        Uniquely mapped reads % |	91.98%
                          Average mapped length |	101.69
                       Number of splices: Total |	32897912
            Number of splices: Annotated (sjdb) |	32726978
                       Number of splices: GT/AG |	32557847
                       Number of splices: GC/AG |	272452
                       Number of splices: AT/AC |	29070
               Number of splices: Non-canonical |	38543
                      Mismatch rate per base, % |	0.20%
                         Deletion rate per base |	0.01%
                        Deletion average length |	1.64
                        Insertion rate per base |	0.01%
                       Insertion average length |	1.42
                             MULTI-MAPPING READS:
        Number of reads mapped to multiple loci |	7696484
             % of reads mapped to multiple loci |	6.79%
        Number of reads mapped to too many loci |	387036
             % of reads mapped to too many loci |	0.34%
                                  UNMAPPED READS:
  Number of reads unmapped: too many mismatches |	0
       % of reads unmapped: too many mismatches |	0.00%
            Number of reads unmapped: too short |	885887
                 % of reads unmapped: too short |	0.78%
                Number of reads unmapped: other |	114276
                     % of reads unmapped: other |	0.10%
                                  CHIMERIC READS:
                       Number of chimeric reads |	0
                            % of chimeric reads |	0.00%
