                                 Started job on |	Sep 22 17:20:25
                             Started mapping on |	Sep 22 17:31:20
                                    Finished on |	Sep 22 17:41:55
       Mapping speed, Million of reads per hour |	285.33

                          Number of input reads |	50329693
                      Average input read length |	102
                                    UNIQUE READS:
                   Uniquely mapped reads number |	45062573
                        Uniquely mapped reads % |	89.53%
                          Average mapped length |	101.67
                       Number of splices: Total |	14450904
            Number of splices: Annotated (sjdb) |	14368477
                       Number of splices: GT/AG |	14290389
                       Number of splices: GC/AG |	130509
                       Number of splices: AT/AC |	14987
               Number of splices: Non-canonical |	15019
                      Mismatch rate per base, % |	0.20%
                         Deletion rate per base |	0.01%
                        Deletion average length |	1.64
                        Insertion rate per base |	0.01%
                       Insertion average length |	1.40
                             MULTI-MAPPING READS:
        Number of reads mapped to multiple loci |	4312712
             % of reads mapped to multiple loci |	8.57%
        Number of reads mapped to too many loci |	335595
             % of reads mapped to too many loci |	0.67%
                                  UNMAPPED READS:
  Number of reads unmapped: too many mismatches |	0
       % of reads unmapped: too many mismatches |	0.00%
            Number of reads unmapped: too short |	564360
                 % of reads unmapped: too short |	1.12%
                Number of reads unmapped: other |	54453
                     % of reads unmapped: other |	0.11%
                                  CHIMERIC READS:
                       Number of chimeric reads |	0
                            % of chimeric reads |	0.00%
