                                 Started job on |	Sep 22 17:20:21
                             Started mapping on |	Sep 22 17:31:21
                                    Finished on |	Sep 22 18:07:41
       Mapping speed, Million of reads per hour |	237.54

                          Number of input reads |	143841893
                      Average input read length |	102
                                    UNIQUE READS:
                   Uniquely mapped reads number |	131582996
                        Uniquely mapped reads % |	91.48%
                          Average mapped length |	101.69
                       Number of splices: Total |	40865603
            Number of splices: Annotated (sjdb) |	40625584
                       Number of splices: GT/AG |	40411949
                       Number of splices: GC/AG |	367037
                       Number of splices: AT/AC |	38011
               Number of splices: Non-canonical |	48606
                      Mismatch rate per base, % |	0.19%
                         Deletion rate per base |	0.01%
                        Deletion average length |	1.63
                        Insertion rate per base |	0.01%
                       Insertion average length |	1.42
                             MULTI-MAPPING READS:
        Number of reads mapped to multiple loci |	10271178
             % of reads mapped to multiple loci |	7.14%
        Number of reads mapped to too many loci |	653640
             % of reads mapped to too many loci |	0.45%
                                  UNMAPPED READS:
  Number of reads unmapped: too many mismatches |	0
       % of reads unmapped: too many mismatches |	0.00%
            Number of reads unmapped: too short |	1172949
                 % of reads unmapped: too short |	0.82%
                Number of reads unmapped: other |	161130
                     % of reads unmapped: other |	0.11%
                                  CHIMERIC READS:
                       Number of chimeric reads |	0
                            % of chimeric reads |	0.00%
