                                 Started job on |	Sep 22 17:20:28
                             Started mapping on |	Sep 22 17:31:29
                                    Finished on |	Sep 22 18:04:58
       Mapping speed, Million of reads per hour |	206.52

                          Number of input reads |	115250700
                      Average input read length |	102
                                    UNIQUE READS:
                   Uniquely mapped reads number |	106001155
                        Uniquely mapped reads % |	91.97%
                          Average mapped length |	101.70
                       Number of splices: Total |	32944683
            Number of splices: Annotated (sjdb) |	32758056
                       Number of splices: GT/AG |	32602230
                       Number of splices: GC/AG |	274125
                       Number of splices: AT/AC |	30505
               Number of splices: Non-canonical |	37823
                      Mismatch rate per base, % |	0.20%
                         Deletion rate per base |	0.01%
                        Deletion average length |	1.62
                        Insertion rate per base |	0.01%
                       Insertion average length |	1.42
                             MULTI-MAPPING READS:
        Number of reads mapped to multiple loci |	7957396
             % of reads mapped to multiple loci |	6.90%
        Number of reads mapped to too many loci |	358201
             % of reads mapped to too many loci |	0.31%
                                  UNMAPPED READS:
  Number of reads unmapped: too many mismatches |	0
       % of reads unmapped: too many mismatches |	0.00%
            Number of reads unmapped: too short |	806072
                 % of reads unmapped: too short |	0.70%
                Number of reads unmapped: other |	127876
                     % of reads unmapped: other |	0.11%
                                  CHIMERIC READS:
                       Number of chimeric reads |	0
                            % of chimeric reads |	0.00%
