                                 Started job on |	Sep 22 17:20:29
                             Started mapping on |	Sep 22 17:28:34
                                    Finished on |	Sep 22 17:35:40
       Mapping speed, Million of reads per hour |	333.54

                          Number of input reads |	39468946
                      Average input read length |	102
                                    UNIQUE READS:
                   Uniquely mapped reads number |	35629998
                        Uniquely mapped reads % |	90.27%
                          Average mapped length |	101.65
                       Number of splices: Total |	10843545
            Number of splices: Annotated (sjdb) |	10779079
                       Number of splices: GT/AG |	10716558
                       Number of splices: GC/AG |	101976
                       Number of splices: AT/AC |	11132
               Number of splices: Non-canonical |	13879
                      Mismatch rate per base, % |	0.20%
                         Deletion rate per base |	0.01%
                        Deletion average length |	1.58
                        Insertion rate per base |	0.01%
                       Insertion average length |	1.41
                             MULTI-MAPPING READS:
        Number of reads mapped to multiple loci |	2777659
             % of reads mapped to multiple loci |	7.04%
        Number of reads mapped to too many loci |	185319
             % of reads mapped to too many loci |	0.47%
                                  UNMAPPED READS:
  Number of reads unmapped: too many mismatches |	0
       % of reads unmapped: too many mismatches |	0.00%
            Number of reads unmapped: too short |	835038
                 % of reads unmapped: too short |	2.12%
                Number of reads unmapped: other |	40932
                     % of reads unmapped: other |	0.10%
                                  CHIMERIC READS:
                       Number of chimeric reads |	0
                            % of chimeric reads |	0.00%
