                                 Started job on |	Sep 22 17:20:25
                             Started mapping on |	Sep 22 17:31:33
                                    Finished on |	Sep 22 18:07:32
       Mapping speed, Million of reads per hour |	231.12

                          Number of input reads |	138606460
                      Average input read length |	102
                                    UNIQUE READS:
                   Uniquely mapped reads number |	127353162
                        Uniquely mapped reads % |	91.88%
                          Average mapped length |	101.68
                       Number of splices: Total |	39167593
            Number of splices: Annotated (sjdb) |	38922751
                       Number of splices: GT/AG |	38732908
                       Number of splices: GC/AG |	350812
                       Number of splices: AT/AC |	40898
               Number of splices: Non-canonical |	42975
                      Mismatch rate per base, % |	0.20%
                         Deletion rate per base |	0.01%
                        Deletion average length |	1.62
                        Insertion rate per base |	0.01%
                       Insertion average length |	1.41
                             MULTI-MAPPING READS:
        Number of reads mapped to multiple loci |	9413166
             % of reads mapped to multiple loci |	6.79%
        Number of reads mapped to too many loci |	670471
             % of reads mapped to too many loci |	0.48%
                                  UNMAPPED READS:
  Number of reads unmapped: too many mismatches |	0
       % of reads unmapped: too many mismatches |	0.00%
            Number of reads unmapped: too short |	1031989
                 % of reads unmapped: too short |	0.74%
                Number of reads unmapped: other |	137672
                     % of reads unmapped: other |	0.10%
                                  CHIMERIC READS:
                       Number of chimeric reads |	0
                            % of chimeric reads |	0.00%
